symptom from file : anxiety = 5
symptom from file : arrhythmias = 3
symptom from file : blindness = 1
symptom from file : blurred vision = 5
symptom from file : constricted pupils = 3
symptom from file : cough = 6
symptom from file : dialated pupils = 4
symptom from file : dizziness = 5
symptom from file : dry mouth = 8
symptom from file : fever = 7
symptom from file : headache = 3
symptom from file : high blood pressure = 10
symptom from file : inflamation = 7
symptom from file : insomnia = 4
symptom from file : low blood pressure = 4
symptom from file : nausea = 5
symptom from file : rapid heart rate = 1
symptom from file : rash = 4
symptom from file : shortness of breath = 3
symptom from file : stiff neck = 4
symptom from file : stomach pain = 3
symptom from file : tremor = 4
symptom from file : water retention = 1
